[2014-07-03 10:14:23] START
[2014-07-03 10:14:23] EDIT welcome/views/layout.html: 1
[2014-07-03 10:37:33] EDIT welcome/views/layout.html: 0
[2014-07-03 10:40:56] EDIT welcome/views/layout.html: -1
[2014-07-03 10:46:03] EDIT welcome/views/layout.html: 2
[2014-07-03 10:47:45] EDIT welcome/views/layout.html: -2
[2014-07-03 10:54:17] EDIT welcome/views/layout.html: 2
[2014-07-03 10:55:11] EDIT welcome/views/layout.html: 0
[2014-07-03 11:11:51] EDIT welcome/views/layout.html: -1
[2014-07-03 11:12:19] EDIT welcome/views/layout.html: 0
[2014-07-03 11:13:02] EDIT welcome/views/layout.html: 0
[2014-07-03 11:22:13] EDIT welcome/views/layout.html: 0
[2014-07-03 11:23:47] EDIT welcome/views/layout.html: 0
[2014-07-03 11:24:28] EDIT welcome/views/layout.html: 0
[2014-07-03 11:25:37] EDIT welcome/views/layout.html: 0
[2014-07-03 21:50:05] EDIT welcome/views/layout.html: 0
[2014-07-03 21:50:58] EDIT welcome/views/layout.html: 0
[2014-07-03 21:52:05] EDIT welcome/views/layout.html: 0
[2014-07-07 23:14:06] EDIT rotaryBase3v0_2_5a1/models/db.py: -7
[2014-07-07 23:53:16] EDIT rotaryBase3v0_2_5a1/controllers/default.py: -31
[2014-07-08 00:24:55] EDIT rotaryBase3v0_2_5a1/modules/appVars.py: 0
[2014-07-28 19:21:37] EDIT rotaryBase3v0_2_6a2/models/db.py: 0
